# JRE version: OpenJDK Runtime Environment (11.0.6+8) (build 11.0.6+8-b765.40)
# Java VM: OpenJDK 64-Bit Server VM (11.0.6+8-b765.40, mixed mode, sharing, tiered, compressed oops, concurrent mark sweep gc, windows-amd64)
Heap:
 par new generation   total 311552K, used 166297K [0x00000000c0a00000, 0x00000000d5c00000, 0x00000000d5c00000)
  eden space 276992K,  59% used [0x00000000c0a00000, 0x00000000cabbe9c0, 0x00000000d1880000)
  from space 34560K,   1% used [0x00000000d1880000, 0x00000000d1927d50, 0x00000000d3a40000)
  to   space 34560K,   0% used [0x00000000d3a40000, 0x00000000d3a40000, 0x00000000d5c00000)
 concurrent mark-sweep generation total 692224K, used 551578K [0x00000000d5c00000, 0x0000000100000000, 0x0000000100000000)
 Metaspace       used 224235K, capacity 231681K, committed 231820K, reserved 1251328K
  class space    used 26454K, capacity 29434K, committed 29508K, reserved 1048576K
GC Heap History (20 events):
Event: 77140.768 GC heap before
{Heap before GC invocations=1724 (full 42):
 par new generation   total 311552K, used 277083K [0x00000000c0a00000, 0x00000000d5c00000, 0x00000000d5c00000)
  eden space 276992K, 100% used [0x00000000c0a00000, 0x00000000d1880000, 0x00000000d1880000)
  from space 34560K,   0% used [0x00000000d1880000, 0x00000000d1896df0, 0x00000000d3a40000)
  to   space 34560K,   0% used [0x00000000d3a40000, 0x00000000d3a40000, 0x00000000d5c00000)
 concurrent mark-sweep generation total 692224K, used 551544K [0x00000000d5c00000, 0x0000000100000000, 0x0000000100000000)
 Metaspace       used 224096K, capacity 231480K, committed 231820K, reserved 1251328K
  class space    used 26447K, capacity 29395K, committed 29508K, reserved 1048576K
}
Event: 77142.331 GC heap after
{Heap after GC invocations=1725 (full 42):
 par new generation   total 311552K, used 316K [0x00000000c0a00000, 0x00000000d5c00000, 0x00000000d5c00000)
  eden space 276992K,   0% used [0x00000000c0a00000, 0x00000000c0a00000, 0x00000000d1880000)
  from space 34560K,   0% used [0x00000000d3a40000, 0x00000000d3a8f0d0, 0x00000000d5c00000)
  to   space 34560K,   0% used [0x00000000d1880000, 0x00000000d1880000, 0x00000000d3a40000)
 concurrent mark-sweep generation total 692224K, used 551561K [0x00000000d5c00000, 0x0000000100000000, 0x0000000100000000)
 Metaspace       used 224096K, capacity 231480K, committed 231820K, reserved 1251328K
  class space    used 26447K, capacity 29395K, committed 29508K, reserved 1048576K
}
Event: 79292.886 GC heap before
{Heap before GC invocations=1725 (full 42):
 par new generation   total 311552K, used 277308K [0x00000000c0a00000, 0x00000000d5c00000, 0x00000000d5c00000)
  eden space 276992K, 100% used [0x00000000c0a00000, 0x00000000d1880000, 0x00000000d1880000)
  from space 34560K,   0% used [0x00000000d3a40000, 0x00000000d3a8f0d0, 0x00000000d5c00000)
  to   space 34560K,   0% used [0x00000000d1880000, 0x00000000d1880000, 0x00000000d3a40000)
 concurrent mark-sweep generation total 692224K, used 551561K [0x00000000d5c00000, 0x0000000100000000, 0x0000000100000000)
 Metaspace       used 224098K, capacity 231480K, committed 231820K, reserved 1251328K
  class space    used 26447K, capacity 29395K, committed 29508K, reserved 1048576K
}
Event: 79293.127 GC heap after
{Heap after GC invocations=1726 (full 42):
 par new generation   total 311552K, used 14K [0x00000000c0a00000, 0x00000000d5c00000, 0x00000000d5c00000)
  eden space 276992K,   0% used [0x00000000c0a00000, 0x00000000c0a00000, 0x00000000d1880000)
  from space 34560K,   0% used [0x00000000d1880000, 0x00000000d18839e8, 0x00000000d3a40000)
  to   space 34560K,   0% used [0x00000000d3a40000, 0x00000000d3a40000, 0x00000000d5c00000)
 concurrent mark-sweep generation total 692224K, used 551562K [0x00000000d5c00000, 0x0000000100000000, 0x0000000100000000)
 Metaspace       used 224098K, capacity 231480K, committed 231820K, reserved 1251328K
  class space    used 26447K, capacity 29395K, committed 29508K, reserved 1048576K
}
Event: 81199.398 GC heap before
{Heap before GC invocations=1726 (full 42):
 par new generation   total 311552K, used 277006K [0x00000000c0a00000, 0x00000000d5c00000, 0x00000000d5c00000)
  eden space 276992K, 100% used [0x00000000c0a00000, 0x00000000d1880000, 0x00000000d1880000)
  from space 34560K,   0% used [0x00000000d1880000, 0x00000000d18839e8, 0x00000000d3a40000)
  to   space 34560K,   0% used [0x00000000d3a40000, 0x00000000d3a40000, 0x00000000d5c00000)
 concurrent mark-sweep generation total 692224K, used 551562K [0x00000000d5c00000, 0x0000000100000000, 0x0000000100000000)
 Metaspace       used 224105K, capacity 231480K, committed 231820K, reserved 1251328K
  class space    used 26447K, capacity 29395K, committed 29508K, reserved 1048576K
}
Event: 81199.553 GC heap after
{Heap after GC invocations=1727 (full 42):
 par new generation   total 311552K, used 68K [0x00000000c0a00000, 0x00000000d5c00000, 0x00000000d5c00000)
  eden space 276992K,   0% used [0x00000000c0a00000, 0x00000000c0a00000, 0x00000000d1880000)
  from space 34560K,   0% used [0x00000000d3a40000, 0x00000000d3a51150, 0x00000000d5c00000)
  to   space 34560K,   0% used [0x00000000d1880000, 0x00000000d1880000, 0x00000000d3a40000)
 concurrent mark-sweep generation total 692224K, used 551563K [0x00000000d5c00000, 0x0000000100000000, 0x0000000100000000)
 Metaspace       used 224105K, capacity 231480K, committed 231820K, reserved 1251328K
  class space    used 26447K, capacity 29395K, committed 29508K, reserved 1048576K
}
Event: 83236.388 GC heap before
{Heap before GC invocations=1727 (full 42):
 par new generation   total 311552K, used 277060K [0x00000000c0a00000, 0x00000000d5c00000, 0x00000000d5c00000)
  eden space 276992K, 100% used [0x00000000c0a00000, 0x00000000d1880000, 0x00000000d1880000)
  from space 34560K,   0% used [0x00000000d3a40000, 0x00000000d3a51150, 0x00000000d5c00000)
  to   space 34560K,   0% used [0x00000000d1880000, 0x00000000d1880000, 0x00000000d3a40000)
 concurrent mark-sweep generation total 692224K, used 551563K [0x00000000d5c00000, 0x0000000100000000, 0x0000000100000000)
 Metaspace       used 224130K, capacity 231507K, committed 231820K, reserved 1251328K
  class space    used 26450K, capacity 29400K, committed 29508K, reserved 1048576K
}
Event: 83236.390 GC heap after
{Heap after GC invocations=1728 (full 42):
 par new generation   total 311552K, used 688K [0x00000000c0a00000, 0x00000000d5c00000, 0x00000000d5c00000)
  eden space 276992K,   0% used [0x00000000c0a00000, 0x00000000c0a00000, 0x00000000d1880000)
  from space 34560K,   1% used [0x00000000d1880000, 0x00000000d192c398, 0x00000000d3a40000)
  to   space 34560K,   0% used [0x00000000d3a40000, 0x00000000d3a40000, 0x00000000d5c00000)
 concurrent mark-sweep generation total 692224K, used 551563K [0x00000000d5c00000, 0x0000000100000000, 0x0000000100000000)
 Metaspace       used 224130K, capacity 231507K, committed 231820K, reserved 1251328K
  class space    used 26450K, capacity 29400K, committed 29508K, reserved 1048576K
}
Event: 85361.010 GC heap before
{Heap before GC invocations=1728 (full 42):
 par new generation   total 311552K, used 277680K [0x00000000c0a00000, 0x00000000d5c00000, 0x00000000d5c00000)
  eden space 276992K, 100% used [0x00000000c0a00000, 0x00000000d1880000, 0x00000000d1880000)
  from space 34560K,   1% used [0x00000000d1880000, 0x00000000d192c398, 0x00000000d3a40000)
  to   space 34560K,   0% used [0x00000000d3a40000, 0x00000000d3a40000, 0x00000000d5c00000)
 concurrent mark-sweep generation total 692224K, used 551563K [0x00000000d5c00000, 0x0000000100000000, 0x0000000100000000)
 Metaspace       used 224131K, capacity 231507K, committed 231820K, reserved 1251328K
  class space    used 26450K, capacity 29400K, committed 29508K, reserved 1048576K
}
Event: 85361.014 GC heap after
{Heap after GC invocations=1729 (full 42):
 par new generation   total 311552K, used 45K [0x00000000c0a00000, 0x00000000d5c00000, 0x00000000d5c00000)
  eden space 276992K,   0% used [0x00000000c0a00000, 0x00000000c0a00000, 0x00000000d1880000)
  from space 34560K,   0% used [0x00000000d3a40000, 0x00000000d3a4b6d0, 0x00000000d5c00000)
  to   space 34560K,   0% used [0x00000000d1880000, 0x00000000d1880000, 0x00000000d3a40000)
 concurrent mark-sweep generation total 692224K, used 551563K [0x00000000d5c00000, 0x0000000100000000, 0x0000000100000000)
 Metaspace       used 224131K, capacity 231507K, committed 231820K, reserved 1251328K
  class space    used 26450K, capacity 29400K, committed 29508K, reserved 1048576K
}
Event: 87354.329 GC heap before
{Heap before GC invocations=1729 (full 42):
 par new generation   total 311552K, used 277037K [0x00000000c0a00000, 0x00000000d5c00000, 0x00000000d5c00000)
  eden space 276992K, 100% used [0x00000000c0a00000, 0x00000000d1880000, 0x00000000d1880000)
  from space 34560K,   0% used [0x00000000d3a40000, 0x00000000d3a4b6d0, 0x00000000d5c00000)
  to   space 34560K,   0% used [0x00000000d1880000, 0x00000000d1880000, 0x00000000d3a40000)
 concurrent mark-sweep generation total 692224K, used 551563K [0x00000000d5c00000, 0x0000000100000000, 0x0000000100000000)
 Metaspace       used 224221K, capacity 231616K, committed 231820K, reserved 1251328K
  class space    used 26454K, capacity 29434K, committed 29508K, reserved 1048576K
}
Event: 87354.578 GC heap after
{Heap after GC invocations=1730 (full 42):
 par new generation   total 311552K, used 932K [0x00000000c0a00000, 0x00000000d5c00000, 0x00000000d5c00000)
  eden space 276992K,   0% used [0x00000000c0a00000, 0x00000000c0a00000, 0x00000000d1880000)
  from space 34560K,   2% used [0x00000000d1880000, 0x00000000d1969180, 0x00000000d3a40000)
  to   space 34560K,   0% used [0x00000000d3a40000, 0x00000000d3a40000, 0x00000000d5c00000)
 concurrent mark-sweep generation total 692224K, used 551563K [0x00000000d5c00000, 0x0000000100000000, 0x0000000100000000)
 Metaspace       used 224221K, capacity 231616K, committed 231820K, reserved 1251328K
  class space    used 26454K, capacity 29434K, committed 29508K, reserved 1048576K
}
Event: 89484.391 GC heap before
{Heap before GC invocations=1730 (full 42):
 par new generation   total 311552K, used 277924K [0x00000000c0a00000, 0x00000000d5c00000, 0x00000000d5c00000)
  eden space 276992K, 100% used [0x00000000c0a00000, 0x00000000d1880000, 0x00000000d1880000)
  from space 34560K,   2% used [0x00000000d1880000, 0x00000000d1969180, 0x00000000d3a40000)
  to   space 34560K,   0% used [0x00000000d3a40000, 0x00000000d3a40000, 0x00000000d5c00000)
 concurrent mark-sweep generation total 692224K, used 551563K [0x00000000d5c00000, 0x0000000100000000, 0x0000000100000000)
 Metaspace       used 224222K, capacity 231616K, committed 231820K, reserved 1251328K
  class space    used 26454K, capacity 29434K, committed 29508K, reserved 1048576K
}
Event: 89484.419 GC heap after
{Heap after GC invocations=1731 (full 42):
 par new generation   total 311552K, used 374K [0x00000000c0a00000, 0x00000000d5c00000, 0x00000000d5c00000)
  eden space 276992K,   0% used [0x00000000c0a00000, 0x00000000c0a00000, 0x00000000d1880000)
  from space 34560K,   1% used [0x00000000d3a40000, 0x00000000d3a9d948, 0x00000000d5c00000)
  to   space 34560K,   0% used [0x00000000d1880000, 0x00000000d1880000, 0x00000000d3a40000)
 concurrent mark-sweep generation total 692224K, used 551563K [0x00000000d5c00000, 0x0000000100000000, 0x0000000100000000)
 Metaspace       used 224222K, capacity 231616K, committed 231820K, reserved 1251328K
  class space    used 26454K, capacity 29434K, committed 29508K, reserved 1048576K
}
Event: 91600.617 GC heap before
{Heap before GC invocations=1731 (full 42):
 par new generation   total 311552K, used 277366K [0x00000000c0a00000, 0x00000000d5c00000, 0x00000000d5c00000)
  eden space 276992K, 100% used [0x00000000c0a00000, 0x00000000d1880000, 0x00000000d1880000)
  from space 34560K,   1% used [0x00000000d3a40000, 0x00000000d3a9d948, 0x00000000d5c00000)
  to   space 34560K,   0% used [0x00000000d1880000, 0x00000000d1880000, 0x00000000d3a40000)
 concurrent mark-sweep generation total 692224K, used 551563K [0x00000000d5c00000, 0x0000000100000000, 0x0000000100000000)
 Metaspace       used 224233K, capacity 231681K, committed 231820K, reserved 1251328K
  class space    used 26454K, capacity 29434K, committed 29508K, reserved 1048576K
}
Event: 91602.550 GC heap after
{Heap after GC invocations=1732 (full 42):
 par new generation   total 311552K, used 682K [0x00000000c0a00000, 0x00000000d5c00000, 0x00000000d5c00000)
  eden space 276992K,   0% used [0x00000000c0a00000, 0x00000000c0a00000, 0x00000000d1880000)
  from space 34560K,   1% used [0x00000000d1880000, 0x00000000d192a830, 0x00000000d3a40000)
  to   space 34560K,   0% used [0x00000000d3a40000, 0x00000000d3a40000, 0x00000000d5c00000)
 concurrent mark-sweep generation total 692224K, used 551564K [0x00000000d5c00000, 0x0000000100000000, 0x0000000100000000)
 Metaspace       used 224233K, capacity 231681K, committed 231820K, reserved 1251328K
  class space    used 26454K, capacity 29434K, committed 29508K, reserved 1048576K
}
Event: 93768.838 GC heap before
{Heap before GC invocations=1732 (full 42):
 par new generation   total 311552K, used 277674K [0x00000000c0a00000, 0x00000000d5c00000, 0x00000000d5c00000)
  eden space 276992K, 100% used [0x00000000c0a00000, 0x00000000d1880000, 0x00000000d1880000)
  from space 34560K,   1% used [0x00000000d1880000, 0x00000000d192a830, 0x00000000d3a40000)
  to   space 34560K,   0% used [0x00000000d3a40000, 0x00000000d3a40000, 0x00000000d5c00000)
 concurrent mark-sweep generation total 692224K, used 551564K [0x00000000d5c00000, 0x0000000100000000, 0x0000000100000000)
 Metaspace       used 224233K, capacity 231681K, committed 231820K, reserved 1251328K
  class space    used 26454K, capacity 29434K, committed 29508K, reserved 1048576K
}
Event: 93769.785 GC heap after
{Heap after GC invocations=1733 (full 42):
 par new generation   total 311552K, used 590K [0x00000000c0a00000, 0x00000000d5c00000, 0x00000000d5c00000)
  eden space 276992K,   0% used [0x00000000c0a00000, 0x00000000c0a00000, 0x00000000d1880000)
  from space 34560K,   1% used [0x00000000d3a40000, 0x00000000d3ad3868, 0x00000000d5c00000)
  to   space 34560K,   0% used [0x00000000d1880000, 0x00000000d1880000, 0x00000000d3a40000)
 concurrent mark-sweep generation total 692224K, used 551572K [0x00000000d5c00000, 0x0000000100000000, 0x0000000100000000)
 Metaspace       used 224233K, capacity 231681K, committed 231820K, reserved 1251328K
  class space    used 26454K, capacity 29434K, committed 29508K, reserved 1048576K
}
Event: 95889.879 GC heap before
{Heap before GC invocations=1733 (full 42):
 par new generation   total 311552K, used 277582K [0x00000000c0a00000, 0x00000000d5c00000, 0x00000000d5c00000)
  eden space 276992K, 100% used [0x00000000c0a00000, 0x00000000d1880000, 0x00000000d1880000)
  from space 34560K,   1% used [0x00000000d3a40000, 0x00000000d3ad3868, 0x00000000d5c00000)
  to   space 34560K,   0% used [0x00000000d1880000, 0x00000000d1880000, 0x00000000d3a40000)
 concurrent mark-sweep generation total 692224K, used 551572K [0x00000000d5c00000, 0x0000000100000000, 0x0000000100000000)
 Metaspace       used 224234K, capacity 231681K, committed 231820K, reserved 1251328K
  class space    used 26454K, capacity 29434K, committed 29508K, reserved 1048576K
}
Event: 95890.674 GC heap after
{Heap after GC invocations=1734 (full 42):
 par new generation   total 311552K, used 671K [0x00000000c0a00000, 0x00000000d5c00000, 0x00000000d5c00000)
  eden space 276992K,   0% used [0x00000000c0a00000, 0x00000000c0a00000, 0x00000000d1880000)
  from space 34560K,   1% used [0x00000000d1880000, 0x00000000d1927d50, 0x00000000d3a40000)
  to   space 34560K,   0% used [0x00000000d3a40000, 0x00000000d3a40000, 0x00000000d5c00000)
 concurrent mark-sweep generation total 692224K, used 551578K [0x00000000d5c00000, 0x0000000100000000, 0x0000000100000000)
 Metaspace       used 224234K, capacity 231681K, committed 231820K, reserved 1251328K
  class space    used 26454K, capacity 29434K, committed 29508K, reserved 1048576K
}

